<?xml version="1.0" encoding="UTF-8" ?>
<testsuite errors="0" failures="0" hostname="Emprivo.local" name="listscrubber.ScrubItemControllerTests" tests="6" time="0.348" timestamp="2010-11-05T20:08:24">
  <properties />
  <testcase classname="listscrubber.ScrubItemControllerTests" name="testUniqueProcessing" time="0.081" />
  <testcase classname="listscrubber.ScrubItemControllerTests" name="testCSVProcessing" time="0.022" />
  <testcase classname="listscrubber.ScrubItemControllerTests" name="testMD5Processing" time="0.117" />
  <testcase classname="listscrubber.ScrubItemControllerTests" name="testPlainTextProcessing" time="0.018" />
  <testcase classname="listscrubber.ScrubItemControllerTests" name="testScrubbedFile" time="0.03" />
  <testcase classname="listscrubber.ScrubItemControllerTests" name="testScrubbedFileList" time="0.076" />
  <system-out><![CDATA[--Output from testUniqueProcessing--
Testing unique processing.
INPUT: one
one
two
two
three
EXPECTING: [one, two, three]
GOT: [one, two, three]
--Output from testCSVProcessing--
Testing CSV processing
--Output from testMD5Processing--
Testing MD5 processing
--Output from testPlainTextProcessing--
Testing plain text processing
--Output from testScrubbedFile--
Testing scrubbed file object
--Output from testScrubbedFileList--
Testing file list timestamps
]]></system-out>
  <system-err><![CDATA[--Output from testUniqueProcessing--
--Output from testCSVProcessing--
--Output from testMD5Processing--
--Output from testPlainTextProcessing--
--Output from testScrubbedFile--
--Output from testScrubbedFileList--
]]></system-err>
</testsuite>
