<?xml version="1.0" encoding="UTF-8" ?>
<testsuite errors="1" failures="0" hostname="Emprivo.local" name="listscrubber.ScrubItemControllerTests" tests="1" time="0.179" timestamp="2010-11-04T21:44:43">
  <properties />
  <testcase classname="listscrubber.ScrubItemControllerTests" name="initializationError" time="0.15">
    <error message="No runnable methods" type="java.lang.Exception">java.lang.Exception: No runnable methods
</error>
  </testcase>
  <system-out><![CDATA[--Output from initializationError--
]]></system-out>
  <system-err><![CDATA[--Output from initializationError--
]]></system-err>
</testsuite>
