<?xml version="1.0" encoding="UTF-8" ?>
<testsuite errors="0" failures="1" hostname="Emprivo.local" name="listscrubber.ScrubItemControllerTests" tests="6" time="1.394" timestamp="2010-11-05T20:47:54">
  <properties />
  <testcase classname="listscrubber.ScrubItemControllerTests" name="testUniqueProcessing" time="1.129" />
  <testcase classname="listscrubber.ScrubItemControllerTests" name="testCSVProcessing" time="0.032" />
  <testcase classname="listscrubber.ScrubItemControllerTests" name="testMD5Processing" time="0.0070" />
  <testcase classname="listscrubber.ScrubItemControllerTests" name="testPlainTextProcessing" time="0.014" />
  <testcase classname="listscrubber.ScrubItemControllerTests" name="testScrubbedFile" time="0.016" />
  <testcase classname="listscrubber.ScrubItemControllerTests" name="testScrubbedFileList" time="0.152">
    <failure message="junit.framework.AssertionFailedError: null" type="junit.framework.AssertionFailedError">junit.framework.AssertionFailedError: junit.framework.AssertionFailedError: null
	at listscrubber.ScrubItemControllerTests$_testScrubbedFileList_closure1.doCall(ScrubItemControllerTests.groovy:71)
	at listscrubber.ScrubItemControllerTests.testScrubbedFileList(ScrubItemControllerTests.groovy:63)
</failure>
  </testcase>
  <system-out><![CDATA[--Output from testUniqueProcessing--
Testing unique processing.
INPUT: one
one
two
two
three
EXPECTING: [one, two, three]
GOT: [one, two, three]
--Output from testCSVProcessing--
Testing CSV processing
--Output from testMD5Processing--
Testing MD5 processing
--Output from testPlainTextProcessing--
Testing plain text processing
--Output from testScrubbedFile--
Testing scrubbed file object
--Output from testScrubbedFileList--
Testing file list timestamps
]]></system-out>
  <system-err><![CDATA[--Output from testUniqueProcessing--
--Output from testCSVProcessing--
--Output from testMD5Processing--
--Output from testPlainTextProcessing--
--Output from testScrubbedFile--
--Output from testScrubbedFileList--
]]></system-err>
</testsuite>
