<?xml version="1.0" encoding="UTF-8" ?>
<<<<<<< HEAD
<testsuite errors="0" failures="0" hostname="KTech002" name="listscrubber.SupressedEmailTests" tests="1" time="0.0080" timestamp="2010-11-05T15:17:16">
  <properties />
  <testcase classname="listscrubber.SupressedEmailTests" name="testSomething" time="0.0040" />
=======
<testsuite errors="0" failures="0" hostname="Emprivo.local" name="listscrubber.SupressedEmailTests" tests="1" time="0.0050" timestamp="2010-11-05T18:44:34">
  <properties />
  <testcase classname="listscrubber.SupressedEmailTests" name="testSomething" time="0.0030" />
>>>>>>> f0505a8017db34c4ea38f261734e9c58b97c6f91
  <system-out><![CDATA[--Output from testSomething--
]]></system-out>
  <system-err><![CDATA[--Output from testSomething--
]]></system-err>
</testsuite>
