<?xml version="1.0" encoding="UTF-8" ?>
<testsuite errors="0" failures="0" hostname="Emprivo.local" name="listscrubber.ScrubItemControllerTests" tests="3" time="0.089" timestamp="2010-11-04T21:51:38">
  <properties />
  <testcase classname="listscrubber.ScrubItemControllerTests" name="testCsvProcessing" time="0.066" />
  <testcase classname="listscrubber.ScrubItemControllerTests" name="testMD5Processing" time="0.011" />
  <testcase classname="listscrubber.ScrubItemControllerTests" name="testPlainTextProcessing" time="0.0070" />
  <system-out><![CDATA[--Output from testCsvProcessing--
Testing csv file processing
--Output from testMD5Processing--
Testing md5 file processing
--Output from testPlainTextProcessing--
Testing plain text file processing
]]></system-out>
  <system-err><![CDATA[--Output from testCsvProcessing--
--Output from testMD5Processing--
--Output from testPlainTextProcessing--
]]></system-err>
</testsuite>
