<?xml version="1.0" encoding="UTF-8" ?>
<testsuite errors="0" failures="0" hostname="Emprivo.local" name="listscrubber.SupressedEmailControllerTests" tests="1" time="0.113" timestamp="2010-11-05T20:47:55">
  <properties />
  <testcase classname="listscrubber.SupressedEmailControllerTests" name="testSomething" time="0.106" />
  <system-out><![CDATA[--Output from testSomething--
]]></system-out>
  <system-err><![CDATA[--Output from testSomething--
]]></system-err>
</testsuite>
