<?xml version="1.0" encoding="UTF-8" ?>
<<<<<<< HEAD
<testsuite errors="0" failures="0" hostname="KTech002" name="listscrubber.SupressedEmailControllerTests" tests="1" time="0.177" timestamp="2010-11-05T15:17:16">
  <properties />
  <testcase classname="listscrubber.SupressedEmailControllerTests" name="testSomething" time="0.173" />
=======
<testsuite errors="0" failures="0" hostname="Emprivo.local" name="listscrubber.SupressedEmailControllerTests" tests="1" time="0.109" timestamp="2010-11-05T18:44:34">
  <properties />
  <testcase classname="listscrubber.SupressedEmailControllerTests" name="testSomething" time="0.102" />
>>>>>>> f0505a8017db34c4ea38f261734e9c58b97c6f91
  <system-out><![CDATA[--Output from testSomething--
]]></system-out>
  <system-err><![CDATA[--Output from testSomething--
]]></system-err>
</testsuite>
