<?xml version="1.0" encoding="UTF-8" ?>
<testsuite errors="0" failures="0" hostname="KTech002" name="listscrubber.SupressedEmailTests" tests="1" time="0.0080" timestamp="2010-11-05T15:17:16">
  <properties />
  <testcase classname="listscrubber.SupressedEmailTests" name="testSomething" time="0.0040" />
  <system-out><![CDATA[--Output from testSomething--
]]></system-out>
  <system-err><![CDATA[--Output from testSomething--
]]></system-err>
</testsuite>
